
Thu 14 Mar 2024 02:34:49 PM UTC: 
In file included from test.c:1:
exercises.c:1:3: error: stray ‘#’ in program
    1 | a #include <ctype.h>
      |   ^
exercises.c:1:1: error: unknown type name ‘a’
    1 | a #include <ctype.h>
      | ^
exercises.c:1:12: error: expected ‘=’, ‘,’, ‘;’, ‘asm’ or ‘__attribute__’ before ‘<’ token
    1 | a #include <ctype.h>
      |            ^
In file included from /nix/store/4pqv2mwdn88h7xvsm7a5zplrd8sxzvw0-glibc-2.35-163-dev/include/stdlib.h:395,
                 from exercises.c:4,
                 from test.c:1:
/nix/store/4pqv2mwdn88h7xvsm7a5zplrd8sxzvw0-glibc-2.35-163-dev/include/sys/types.h:33:9: error: unknown type name ‘__u_char’
   33 | typedef __u_char u_char;
      |         ^~~~~~~~
Compilation failed
82cd9cf
Thu 14 Mar 2024 02:35:02 PM UTC: 
In file included from test.c:1:
exercises.c:1:3: error: stray ‘#’ in program
    1 | a #include <ctype.h>
      |   ^
exercises.c:1:1: error: unknown type name ‘a’
    1 | a #include <ctype.h>
      | ^
exercises.c:1:12: error: expected ‘=’, ‘,’, ‘;’, ‘asm’ or ‘__attribute__’ before ‘<’ token
    1 | a #include <ctype.h>
      |            ^
In file included from /nix/store/4pqv2mwdn88h7xvsm7a5zplrd8sxzvw0-glibc-2.35-163-dev/include/stdlib.h:395,
                 from exercises.c:4,
                 from test.c:1:
/nix/store/4pqv2mwdn88h7xvsm7a5zplrd8sxzvw0-glibc-2.35-163-dev/include/sys/types.h:33:9: error: unknown type name ‘__u_char’
   33 | typedef __u_char u_char;
      |         ^~~~~~~~
Compilation failed
251d8cc
Thu 14 Mar 2024 02:42:25 PM UTC: 
 exercises.c | 25 ++++++++++++++++++-------
 1 file changed, 18 insertions(+), 7 deletions(-)
In file included from test.c:1:
exercises.c:1:3: error: stray ‘#’ in program
    1 | a #include <ctype.h>
      |   ^
exercises.c:1:1: error: unknown type name ‘a’
    1 | a #include <ctype.h>
      | ^
exercises.c:1:12: error: expected ‘=’, ‘,’, ‘;’, ‘asm’ or ‘__attribute__’ before ‘<’ token
    1 | a #include <ctype.h>
      |            ^
In file included from /nix/store/4pqv2mwdn88h7xvsm7a5zplrd8sxzvw0-glibc-2.35-163-dev/include/stdlib.h:395,
                 from exercises.c:4,
                 from test.c:1:
/nix/store/4pqv2mwdn88h7xvsm7a5zplrd8sxzvw0-glibc-2.35-163-dev/include/sys/types.h:33:9: error: unknown type name ‘__u_char’
   33 | typedef __u_char u_char;
      |         ^~~~~~~~
test.c:37:24: error: unknown type name ‘Nodo’
   37 | void print_linked_list(Nodo* lista) {
      |                        ^~~~
test.c: In function ‘test_reverseArray’:
test.c:125:5: error: implicit declaration of function ‘reverseArray’; did you mean ‘test_reverseArray’? [-Werror=implicit-function-declaration]
  125 |     reverseArray(arr, size);
      |     ^~~~~~~~~~~~
      |     test_reverseArray
test.c: In function ‘test_filterEvenNumbers’:
test.c:151:19: error: implicit declaration of function ‘filterEvenNumbers’; did you mean ‘test_filterEvenNumbers’? [-Werror=implicit-function-declaration]
  151 |     int *result = filterEvenNumbers(arr, size, &newSize);
      |                   ^~~~~~~~~~~~~~~~~
      |                   test_filterEvenNumbers
test.c:151:19: error: initialization of ‘int *’ from ‘int’ makes pointer from integer without a cast [-Werror=int-conversion]
test.c: In function ‘test_mergeSort’:
test.c:204:3: error: implicit declaration of function ‘mergeSortedArrays’ [-Werror=implicit-function-declaration]
  204 |   mergeSortedArrays(arr1, size1, arr2, size2, result);
      |   ^~~~~~~~~~~~~~~~~
test.c: In function ‘test_checkSorted’:
test.c:258:18: error: implicit declaration of function ‘checkSorted’; did you mean ‘test_checkSorted’? [-Werror=implicit-function-declaration]
  258 |     int result = checkSorted(arr, size);
      |                  ^~~~~~~~~~~
      |                  test_checkSorted
test.c: At top level:
test.c:289:26: error: unknown type name ‘Libro’
  289 | void imprimirLibro(const Libro *libro) {
      |                          ^~~~~
test.c: In function ‘imprimirLibro’:
test.c:290:35: error: request for member ‘titulo’ in something not a structure or union
  290 |   printf("    Título: %s\n", libro->titulo);
      |                                   ^~
test.c:291:50: error: request for member ‘autor’ in something not a structure or union
  291 |   printf("    Autor: %s (Nacido en: %d)\n", libro->autor.nombre, libro->autor.anioNacimiento);
      |                                                  ^~
test.c:291:71: error: request for member ‘autor’ in something not a structure or union
  291 |   printf("    Autor: %s (Nacido en: %d)\n", libro->autor.nombre, libro->autor.anioNacimiento);
      |                                                                       ^~
test.c:292:47: error: request for member ‘anioPublicacion’ in something not a structure or union
  292 |   printf("    Año de Publicación: %d\n", libro->anioPublicacion);
      |                                               ^~
test.c: In function ‘test_biblioteca’:
test.c:296:3: error: unknown type name ‘Libro’
  296 |   Libro libro;
      |   ^~~~~
test.c:306:5: error: implicit declaration of function ‘inicializarLibro’ [-Werror=implicit-function-declaration]
  306 |     inicializarLibro(&libro, titulos[i], autores[i], aniosNacimiento[i],
      |     ^~~~~~~~~~~~~~~~
test.c:312:21: error: request for member ‘titulo’ in something not a structure or union
  312 |     if (strcmp(libro.titulo, titulos[i]) != 0 ||
      |                     ^
test.c:313:21: error: request for member ‘autor’ in something not a structure or union
  313 |         strcmp(libro.autor.nombre, autores[i]) != 0 ||
      |                     ^
test.c:314:14: error: request for member ‘autor’ in something not a structure or union
  314 |         libro.autor.anioNacimiento != aniosNacimiento[i] ||
      |              ^
test.c:315:14: error: request for member ‘anioPublicacion’ in something not a structure or union
  315 |         libro.anioPublicacion != aniosPublicacion[i]) {
      |              ^
test.c: In function ‘test_crearListaEnlazada’:
test.c:331:5: error: unknown type name ‘Nodo’
  331 |     Nodo* lista = crearListaEnlazada(arr, size);
      |     ^~~~
test.c:331:19: error: implicit declaration of function ‘crearListaEnlazada’; did you mean ‘test_crearListaEnlazada’? [-Werror=implicit-function-declaration]
  331 |     Nodo* lista = crearListaEnlazada(arr, size);
      |                   ^~~~~~~~~~~~~~~~~~
      |                   test_crearListaEnlazada
test.c:331:19: error: initialization of ‘int *’ from ‘int’ makes pointer from integer without a cast [-Werror=int-conversion]
test.c:333:5: error: unknown type name ‘Nodo’
  333 |     Nodo* current = lista;
      |     ^~~~
test.c:336:37: error: request for member ‘numero’ in something not a structure or union
  336 |       if (current == NULL || current->numero != arr[i]) {
      |                                     ^~
test.c:339:9: error: implicit declaration of function ‘print_linked_list’ [-Werror=implicit-function-declaration]
  339 |         print_linked_list(lista);
      |         ^~~~~~~~~~~~~~~~~
test.c:343:11: error: unknown type name ‘Nodo’
  343 |           Nodo* temp = lista;
      |           ^~~~
test.c:344:24: error: request for member ‘siguiente’ in something not a structure or union
  344 |           lista = lista->siguiente;
      |                        ^~
test.c:349:24: error: request for member ‘siguiente’ in something not a structure or union
  349 |       current = current->siguiente;
      |                        ^~
test.c:360:9: error: unknown type name ‘Nodo’
  360 |         Nodo* temp = lista;
      |         ^~~~
test.c:361:22: error: request for member ‘siguiente’ in something not a structure or union
  361 |         lista = lista->siguiente;
      |                      ^~
test.c:369:7: error: unknown type name ‘Nodo’
  369 |       Nodo* temp = lista;
      |       ^~~~
test.c:370:20: error: request for member ‘siguiente’ in something not a structure or union
  370 |       lista = lista->siguiente;
      |                    ^~
cc1: all warnings being treated as errors
Compilation failed
01ab14e
Thu 14 Mar 2024 02:43:23 PM UTC: 
 exercises.c | 21 +++++++--------------
 1 file changed, 7 insertions(+), 14 deletions(-)
In file included from test.c:1:
exercises.c:1:3: error: stray ‘#’ in program
    1 | a #include <ctype.h>
      |   ^
exercises.c:1:1: error: unknown type name ‘a’
    1 | a #include <ctype.h>
      | ^
exercises.c:1:12: error: expected ‘=’, ‘,’, ‘;’, ‘asm’ or ‘__attribute__’ before ‘<’ token
    1 | a #include <ctype.h>
      |            ^
In file included from /nix/store/4pqv2mwdn88h7xvsm7a5zplrd8sxzvw0-glibc-2.35-163-dev/include/stdlib.h:395,
                 from exercises.c:4,
                 from test.c:1:
/nix/store/4pqv2mwdn88h7xvsm7a5zplrd8sxzvw0-glibc-2.35-163-dev/include/sys/types.h:33:9: error: unknown type name ‘__u_char’
   33 | typedef __u_char u_char;
      |         ^~~~~~~~
Compilation failed
52ea2d9
Thu 14 Mar 2024 02:45:20 PM UTC: 
 exercises.c | 5 +++++
 1 file changed, 5 insertions(+)
In file included from test.c:1:
exercises.c:1:3: error: stray ‘#’ in program
    1 | a #include <ctype.h>
      |   ^
exercises.c:1:1: error: unknown type name ‘a’
    1 | a #include <ctype.h>
      | ^
exercises.c:1:12: error: expected ‘=’, ‘,’, ‘;’, ‘asm’ or ‘__attribute__’ before ‘<’ token
    1 | a #include <ctype.h>
      |            ^
In file included from /nix/store/4pqv2mwdn88h7xvsm7a5zplrd8sxzvw0-glibc-2.35-163-dev/include/stdlib.h:395,
                 from exercises.c:4,
                 from test.c:1:
/nix/store/4pqv2mwdn88h7xvsm7a5zplrd8sxzvw0-glibc-2.35-163-dev/include/sys/types.h:33:9: error: unknown type name ‘__u_char’
   33 | typedef __u_char u_char;
      |         ^~~~~~~~
Compilation failed
6715779
Thu 14 Mar 2024 02:48:21 PM UTC: 
In file included from test.c:1:
exercises.c:1:3: error: stray ‘#’ in program
    1 | a #include <ctype.h>
      |   ^
exercises.c:1:1: error: unknown type name ‘a’
    1 | a #include <ctype.h>
      | ^
exercises.c:1:12: error: expected ‘=’, ‘,’, ‘;’, ‘asm’ or ‘__attribute__’ before ‘<’ token
    1 | a #include <ctype.h>
      |            ^
In file included from /nix/store/4pqv2mwdn88h7xvsm7a5zplrd8sxzvw0-glibc-2.35-163-dev/include/stdlib.h:395,
                 from exercises.c:4,
                 from test.c:1:
/nix/store/4pqv2mwdn88h7xvsm7a5zplrd8sxzvw0-glibc-2.35-163-dev/include/sys/types.h:33:9: error: unknown type name ‘__u_char’
   33 | typedef __u_char u_char;
      |         ^~~~~~~~
Compilation failed
3543e20
Thu 14 Mar 2024 02:48:27 PM UTC: 
 exercises.c | 2 +-
 1 file changed, 1 insertion(+), 1 deletion(-)
 tests:  0|6
total_score: 10/70
fa65d50
Thu 14 Mar 2024 02:56:15 PM UTC: 
 exercises.c | 13 +++++++++++--
 1 file changed, 11 insertions(+), 2 deletions(-)
In file included from test.c:1:
exercises.c: In function ‘findMax’:
exercises.c:21:10: error: ‘temp’ may be used uninitialized in this function [-Werror=maybe-uninitialized]
   21 |   return temp; }
      |          ^~~~
cc1: all warnings being treated as errors
Compilation failed
7c7f392
Thu 14 Mar 2024 02:57:08 PM UTC: 
 exercises.c | 3 ++-
 1 file changed, 2 insertions(+), 1 deletion(-)
In file included from test.c:1:
exercises.c: In function ‘findMax’:
exercises.c:21:10: error: ‘temp’ may be used uninitialized in this function [-Werror=maybe-uninitialized]
   21 |   return temp;
      |          ^~~~
cc1: all warnings being treated as errors
Compilation failed
2f13ade
Thu 14 Mar 2024 02:57:16 PM UTC: 
 exercises.c | 2 +-
 1 file changed, 1 insertion(+), 1 deletion(-)
 tests:  0|5
total_score: 20/70
6f5ce24
Thu 14 Mar 2024 03:09:57 PM UTC: 
 exercises.c | 11 ++++++++++-
 1 file changed, 10 insertions(+), 1 deletion(-)
In file included from test.c:1:
exercises.c: In function ‘filterEvenNumbers’:
exercises.c:50:8: error: unused variable ‘newArr’ [-Werror=unused-variable]
   50 |   int *newArr = (int *)malloc(size * sizeof(int));
      |        ^~~~~~
cc1: all warnings being treated as errors
Compilation failed
901fb5e
Thu 14 Mar 2024 03:15:50 PM UTC: 
 exercises.c | 6 +++++-
 1 file changed, 5 insertions(+), 1 deletion(-)
In file included from test.c:1:
exercises.c: In function ‘filterEvenNumbers’:
exercises.c:54:5: error: this ‘if’ clause does not guard... [-Werror=misleading-indentation]
   54 |     if (arr[i] % 2 == 0)
      |     ^~
exercises.c:56:7: note: ...this statement, but the latter is misleadingly indented as if it were guarded by the ‘if’
   56 |       *newSize++;
      |       ^
exercises.c:56:7: error: value computed is not used [-Werror=unused-value]
   56 |       *newSize++;
      |       ^~~~~~~~~~
cc1: all warnings being treated as errors
Compilation failed
b46aa0b
Thu 14 Mar 2024 03:15:57 PM UTC: 
 exercises.c | 2 +-
 1 file changed, 1 insertion(+), 1 deletion(-)
In file included from test.c:1:
exercises.c: In function ‘filterEvenNumbers’:
exercises.c:54:5: error: this ‘if’ clause does not guard... [-Werror=misleading-indentation]
   54 |     if (arr[i] % 2 == 0)
      |     ^~
exercises.c:56:7: note: ...this statement, but the latter is misleadingly indented as if it were guarded by the ‘if’
   56 |       newSize++;
      |       ^~~~~~~
cc1: all warnings being treated as errors
Compilation failed
2d00c82
Thu 14 Mar 2024 03:16:22 PM UTC: 
 exercises.c | 5 +++--
 1 file changed, 3 insertions(+), 2 deletions(-)
In file included from test.c:1:
exercises.c: In function ‘filterEvenNumbers’:
exercises.c:56:7: error: value computed is not used [-Werror=unused-value]
   56 |       *newSize++;
      |       ^~~~~~~~~~
cc1: all warnings being treated as errors
Compilation failed
4a823de
Thu 14 Mar 2024 03:16:40 PM UTC: 
 exercises.c | 2 +-
 1 file changed, 1 insertion(+), 1 deletion(-)
 tests:  0|4
total_score: 30/70
a059197
Sat 16 Mar 2024 02:18:30 AM UTC: 
 exercises.c | 21 ++++++++++++++++++++-
 1 file changed, 20 insertions(+), 1 deletion(-)
 tests:  0|4
total_score: 30/70
0c5dbe7
Sat 16 Mar 2024 02:19:22 AM UTC: 
 exercises.c | 2 ++
 1 file changed, 2 insertions(+)
In file included from test.c:1:
exercises.c: In function ‘mergeSortedArrays’:
exercises.c:83:9: error: this ‘if’ clause does not guard... [-Werror=misleading-indentation]
   83 |         if (arr1[i] > arr2[i])
      |         ^~
exercises.c:85:11: note: ...this statement, but the latter is misleadingly indented as if it were guarded by the ‘if’
   85 |           result[i+1] = arr1[i];
      |           ^~~~~~
exercises.c:87:9: error: ‘else’ without a previous ‘if’
   87 |         else
      |         ^~~~
cc1: all warnings being treated as errors
Compilation failed
989edd2
Sat 16 Mar 2024 02:19:46 AM UTC: 
 exercises.c | 6 ++++--
 1 file changed, 4 insertions(+), 2 deletions(-)
 tests:  0|4
total_score: 30/70
56f9688
